<?xml version="1.0" encoding="UTF-8"?>
<coverage generated="1523744509608" clover="3.2.0">
  <project timestamp="1523744509610" name="All files">
    <metrics statements="246" coveredstatements="178" conditionals="38" coveredconditionals="13" methods="61" coveredmethods="32" elements="345" coveredelements="223" complexity="0" loc="246" ncloc="246" packages="3" files="9" classes="9">
      <package name="lib">
        <metrics statements="144" coveredstatements="98" conditionals="30" coveredconditionals="9" methods="27" coveredmethods="11"/>
        <file name="basic-auth-middleware.js" path="/home/pi/SHIOT/lib/basic-auth-middleware.js">
          <metrics statements="16" coveredstatements="12" conditionals="8" coveredconditionals="4" methods="1" coveredmethods="1"/>
          <line num="3" count="1" type="stmt"/>
          <line num="5" count="1" type="stmt"/>
          <line num="9" count="1" type="stmt"/>
          <line num="11" count="1" type="cond" truecount="1" falsecount="1"/>
          <line num="12" count="0" type="stmt"/>
          <line num="16" count="1" type="stmt"/>
          <line num="17" count="1" type="cond" truecount="1" falsecount="1"/>
          <line num="18" count="0" type="stmt"/>
          <line num="23" count="1" type="stmt"/>
          <line num="24" count="1" type="stmt"/>
          <line num="28" count="1" type="stmt"/>
          <line num="33" count="1" type="cond" truecount="1" falsecount="1"/>
          <line num="34" count="0" type="stmt"/>
          <line num="36" count="1" type="cond" truecount="1" falsecount="1"/>
          <line num="37" count="0" type="stmt"/>
          <line num="40" count="1" type="stmt"/>
        </file>
        <file name="bearer-auth-middlewear.js" path="/home/pi/SHIOT/lib/bearer-auth-middlewear.js">
          <metrics statements="19" coveredstatements="10" conditionals="6" coveredconditionals="1" methods="4" coveredmethods="1"/>
          <line num="3" count="1" type="stmt"/>
          <line num="4" count="1" type="stmt"/>
          <line num="5" count="1" type="stmt"/>
          <line num="6" count="1" type="stmt"/>
          <line num="7" count="1" type="stmt"/>
          <line num="10" count="1" type="stmt"/>
          <line num="12" count="1" type="stmt"/>
          <line num="13" count="1" type="stmt"/>
          <line num="14" count="1" type="cond" truecount="1" falsecount="1"/>
          <line num="15" count="1" type="stmt"/>
          <line num="18" count="0" type="stmt"/>
          <line num="19" count="0" type="cond" truecount="0" falsecount="2"/>
          <line num="20" count="0" type="stmt"/>
          <line num="23" count="0" type="stmt"/>
          <line num="24" count="0" type="cond" truecount="0" falsecount="2"/>
          <line num="26" count="0" type="stmt"/>
          <line num="28" count="0" type="stmt"/>
          <line num="30" count="0" type="stmt"/>
          <line num="33" count="0" type="stmt"/>
        </file>
        <file name="gpio.js" path="/home/pi/SHIOT/lib/gpio.js">
          <metrics statements="35" coveredstatements="21" conditionals="6" coveredconditionals="0" methods="4" coveredmethods="1"/>
          <line num="3" count="1" type="stmt"/>
          <line num="4" count="1" type="stmt"/>
          <line num="5" count="1" type="stmt"/>
          <line num="6" count="1" type="stmt"/>
          <line num="7" count="1" type="stmt"/>
          <line num="8" count="1" type="stmt"/>
          <line num="9" count="1" type="stmt"/>
          <line num="10" count="1" type="stmt"/>
          <line num="12" count="1" type="stmt"/>
          <line num="13" count="1" type="stmt"/>
          <line num="15" count="1" type="stmt"/>
          <line num="16" count="1" type="stmt"/>
          <line num="17" count="1" type="stmt"/>
          <line num="18" count="1" type="stmt"/>
          <line num="19" count="1" type="stmt"/>
          <line num="21" count="1" type="stmt"/>
          <line num="22" count="0" type="stmt"/>
          <line num="27" count="1" type="stmt"/>
          <line num="31" count="1" type="stmt"/>
          <line num="32" count="0" type="cond" truecount="0" falsecount="2"/>
          <line num="33" count="0" type="stmt"/>
          <line num="35" count="0" type="cond" truecount="0" falsecount="2"/>
          <line num="38" count="0" type="stmt"/>
          <line num="43" count="1" type="stmt"/>
          <line num="46" count="1" type="stmt"/>
          <line num="47" count="0" type="stmt"/>
          <line num="48" count="0" type="stmt"/>
          <line num="49" count="0" type="stmt"/>
          <line num="51" count="0" type="cond" truecount="0" falsecount="2"/>
          <line num="52" count="0" type="stmt"/>
          <line num="53" count="0" type="stmt"/>
          <line num="55" count="0" type="stmt"/>
          <line num="58" count="0" type="stmt"/>
          <line num="59" count="0" type="stmt"/>
          <line num="63" count="1" type="stmt"/>
        </file>
        <file name="server.js" path="/home/pi/SHIOT/lib/server.js">
          <metrics statements="51" coveredstatements="46" conditionals="8" coveredconditionals="4" methods="9" coveredmethods="8"/>
          <line num="2" count="1" type="stmt"/>
          <line num="4" count="1" type="stmt"/>
          <line num="5" count="1" type="cond" truecount="1" falsecount="1"/>
          <line num="6" count="0" type="stmt"/>
          <line num="7" count="0" type="stmt"/>
          <line num="11" count="1" type="stmt"/>
          <line num="12" count="1" type="stmt"/>
          <line num="13" count="1" type="stmt"/>
          <line num="14" count="1" type="stmt"/>
          <line num="16" count="1" type="stmt"/>
          <line num="17" count="1" type="stmt"/>
          <line num="19" count="1" type="stmt"/>
          <line num="20" count="1" type="stmt"/>
          <line num="21" count="1" type="cond" truecount="1" falsecount="1"/>
          <line num="22" count="1" type="stmt"/>
          <line num="23" count="1" type="stmt"/>
          <line num="24" count="1" type="stmt"/>
          <line num="25" count="1" type="stmt"/>
          <line num="26" count="1" type="stmt"/>
          <line num="27" count="1" type="stmt"/>
          <line num="28" count="1" type="stmt"/>
          <line num="29" count="1" type="stmt"/>
          <line num="32" count="1" type="stmt"/>
          <line num="33" count="1" type="stmt"/>
          <line num="34" count="1" type="stmt"/>
          <line num="35" count="1" type="stmt"/>
          <line num="36" count="1" type="stmt"/>
          <line num="38" count="1" type="stmt"/>
          <line num="40" count="1" type="stmt"/>
          <line num="41" count="1" type="stmt"/>
          <line num="45" count="1" type="stmt"/>
          <line num="47" count="1" type="stmt"/>
          <line num="48" count="3" type="stmt"/>
          <line num="54" count="1" type="stmt"/>
          <line num="56" count="4" type="stmt"/>
          <line num="61" count="1" type="stmt"/>
          <line num="62" count="1" type="stmt"/>
          <line num="63" count="1" type="cond" truecount="1" falsecount="1"/>
          <line num="64" count="1" type="stmt"/>
          <line num="65" count="1" type="stmt"/>
          <line num="66" count="1" type="stmt"/>
          <line num="67" count="1" type="stmt"/>
          <line num="68" count="1" type="stmt"/>
          <line num="72" count="1" type="stmt"/>
          <line num="73" count="1" type="stmt"/>
          <line num="74" count="1" type="cond" truecount="1" falsecount="1"/>
          <line num="75" count="1" type="stmt"/>
          <line num="76" count="0" type="stmt"/>
          <line num="77" count="0" type="stmt"/>
          <line num="78" count="0" type="stmt"/>
          <line num="83" count="1" type="stmt"/>
        </file>
        <file name="storage.js" path="/home/pi/SHIOT/lib/storage.js">
          <metrics statements="23" coveredstatements="9" conditionals="2" coveredconditionals="0" methods="9" coveredmethods="0"/>
          <line num="3" count="1" type="stmt"/>
          <line num="4" count="1" type="stmt"/>
          <line num="5" count="1" type="stmt"/>
          <line num="6" count="1" type="stmt"/>
          <line num="7" count="1" type="stmt"/>
          <line num="10" count="1" type="stmt"/>
          <line num="11" count="0" type="stmt"/>
          <line num="12" count="0" type="stmt"/>
          <line num="13" count="0" type="stmt"/>
          <line num="18" count="1" type="stmt"/>
          <line num="19" count="0" type="stmt"/>
          <line num="20" count="0" type="stmt"/>
          <line num="21" count="0" type="stmt"/>
          <line num="27" count="1" type="stmt"/>
          <line num="28" count="0" type="stmt"/>
          <line num="33" count="0" type="stmt"/>
          <line num="34" count="0" type="stmt"/>
          <line num="35" count="0" type="cond" truecount="0" falsecount="2"/>
          <line num="36" count="0" type="stmt"/>
          <line num="37" count="0" type="stmt"/>
          <line num="39" count="0" type="stmt"/>
          <line num="40" count="0" type="stmt"/>
          <line num="45" count="1" type="stmt"/>
        </file>
      </package>
      <package name="model">
        <metrics statements="38" coveredstatements="36" conditionals="8" coveredconditionals="4" methods="13" coveredmethods="12"/>
        <file name="resources.js" path="/home/pi/SHIOT/model/resources.js">
          <metrics statements="4" coveredstatements="4" conditionals="0" coveredconditionals="0" methods="0" coveredmethods="0"/>
          <line num="5" count="1" type="stmt"/>
          <line num="6" count="1" type="stmt"/>
          <line num="9" count="1" type="stmt"/>
          <line num="14" count="1" type="stmt"/>
        </file>
        <file name="user.js" path="/home/pi/SHIOT/model/user.js">
          <metrics statements="34" coveredstatements="32" conditionals="8" coveredconditionals="4" methods="13" coveredmethods="12"/>
          <line num="2" count="2" type="stmt"/>
          <line num="3" count="2" type="stmt"/>
          <line num="4" count="2" type="stmt"/>
          <line num="5" count="2" type="stmt"/>
          <line num="6" count="2" type="stmt"/>
          <line num="7" count="2" type="stmt"/>
          <line num="8" count="2" type="cond" truecount="1" falsecount="1"/>
          <line num="9" count="0" type="stmt"/>
          <line num="15" count="2" type="stmt"/>
          <line num="24" count="2" type="stmt"/>
          <line num="26" count="2" type="stmt"/>
          <line num="27" count="2" type="stmt"/>
          <line num="28" count="2" type="cond" truecount="1" falsecount="1"/>
          <line num="29" count="2" type="stmt"/>
          <line num="31" count="2" type="stmt"/>
          <line num="37" count="2" type="stmt"/>
          <line num="38" count="1" type="stmt"/>
          <line num="42" count="1" type="stmt"/>
          <line num="43" count="1" type="cond" truecount="1" falsecount="1"/>
          <line num="44" count="1" type="cond" truecount="1" falsecount="1"/>
          <line num="45" count="1" type="stmt"/>
          <line num="51" count="2" type="stmt"/>
          <line num="52" count="3" type="stmt"/>
          <line num="56" count="3" type="stmt"/>
          <line num="59" count="3" type="stmt"/>
          <line num="61" count="3" type="stmt"/>
          <line num="63" count="3" type="stmt"/>
          <line num="69" count="2" type="stmt"/>
          <line num="70" count="3" type="stmt"/>
          <line num="72" count="3" type="stmt"/>
          <line num="78" count="3" type="stmt"/>
          <line num="80" count="0" type="stmt"/>
          <line num="85" count="2" type="stmt"/>
          <line num="87" count="2" type="stmt"/>
        </file>
      </package>
      <package name="router">
        <metrics statements="64" coveredstatements="44" conditionals="0" coveredconditionals="0" methods="21" coveredmethods="9"/>
        <file name="resource-router.js" path="/home/pi/SHIOT/router/resource-router.js">
          <metrics statements="36" coveredstatements="18" conditionals="0" coveredconditionals="0" methods="10" coveredmethods="0"/>
          <line num="4" count="1" type="stmt"/>
          <line num="5" count="1" type="stmt"/>
          <line num="6" count="1" type="stmt"/>
          <line num="7" count="1" type="stmt"/>
          <line num="8" count="1" type="stmt"/>
          <line num="9" count="1" type="stmt"/>
          <line num="10" count="1" type="stmt"/>
          <line num="11" count="1" type="stmt"/>
          <line num="12" count="1" type="stmt"/>
          <line num="13" count="1" type="stmt"/>
          <line num="14" count="1" type="stmt"/>
          <line num="28" count="1" type="stmt"/>
          <line num="29" count="0" type="stmt"/>
          <line num="34" count="1" type="stmt"/>
          <line num="35" count="0" type="stmt"/>
          <line num="36" count="0" type="stmt"/>
          <line num="37" count="0" type="stmt"/>
          <line num="38" count="0" type="stmt"/>
          <line num="42" count="1" type="stmt"/>
          <line num="43" count="0" type="stmt"/>
          <line num="44" count="0" type="stmt"/>
          <line num="45" count="0" type="stmt"/>
          <line num="46" count="0" type="stmt"/>
          <line num="50" count="1" type="stmt"/>
          <line num="51" count="0" type="stmt"/>
          <line num="53" count="0" type="stmt"/>
          <line num="54" count="0" type="stmt"/>
          <line num="59" count="1" type="stmt"/>
          <line num="60" count="0" type="stmt"/>
          <line num="61" count="0" type="stmt"/>
          <line num="72" count="1" type="stmt"/>
          <line num="76" count="0" type="stmt"/>
          <line num="77" count="0" type="stmt"/>
          <line num="78" count="0" type="stmt"/>
          <line num="79" count="0" type="stmt"/>
          <line num="83" count="1" type="stmt"/>
        </file>
        <file name="router.js" path="/home/pi/SHIOT/router/router.js">
          <metrics statements="28" coveredstatements="26" conditionals="0" coveredconditionals="0" methods="11" coveredmethods="9"/>
          <line num="4" count="1" type="stmt"/>
          <line num="5" count="1" type="stmt"/>
          <line num="6" count="1" type="stmt"/>
          <line num="7" count="1" type="stmt"/>
          <line num="8" count="1" type="stmt"/>
          <line num="9" count="1" type="stmt"/>
          <line num="11" count="1" type="stmt"/>
          <line num="14" count="1" type="stmt"/>
          <line num="16" count="1" type="stmt"/>
          <line num="17" count="1" type="stmt"/>
          <line num="18" count="1" type="stmt"/>
          <line num="19" count="1" type="stmt"/>
          <line num="34" count="1" type="stmt"/>
          <line num="35" count="1" type="stmt"/>
          <line num="36" count="1" type="stmt"/>
          <line num="38" count="1" type="stmt"/>
          <line num="40" count="1" type="stmt"/>
          <line num="41" count="1" type="stmt"/>
          <line num="43" count="1" type="stmt"/>
          <line num="44" count="1" type="stmt"/>
          <line num="47" count="1" type="stmt"/>
          <line num="48" count="1" type="stmt"/>
          <line num="51" count="1" type="stmt"/>
          <line num="56" count="1" type="stmt"/>
          <line num="57" count="0" type="stmt"/>
          <line num="60" count="1" type="stmt"/>
          <line num="61" count="0" type="stmt"/>
          <line num="64" count="1" type="stmt"/>
        </file>
      </package>
    </metrics>
  </project>
</coverage>
