{"C:\\Users\\ix\\401n9\\midterm\\SHIOT\\lib\\basic-auth-middleware.js": {"path":"C:\\Users\\ix\\401n9\\midterm\\SHIOT\\lib\\basic-auth-middleware.js","statementMap":{"0":{"start":{"line":3,"column":0},"end":{"line":3,"column":27}},"1":{"start":{"line":5,"column":20},"end":{"line":5,"column":42}},"2":{"start":{"line":7,"column":0},"end":{"line":42,"column":2}},"3":{"start":{"line":10,"column":2},"end":{"line":10,"column":59}},"4":{"start":{"line":11,"column":19},"end":{"line":11,"column":44}},"5":{"start":{"line":12,"column":2},"end":{"line":14,"column":3}},"6":{"start":{"line":13,"column":4},"end":{"line":13,"column":67}},"7":{"start":{"line":17,"column":18},"end":{"line":17,"column":47}},"8":{"start":{"line":18,"column":2},"end":{"line":21,"column":3}},"9":{"start":{"line":19,"column":4},"end":{"line":19,"column":68}},"10":{"start":{"line":24,"column":16},"end":{"line":24,"column":59}},"11":{"start":{"line":25,"column":16},"end":{"line":25,"column":34}},"12":{"start":{"line":29,"column":2},"end":{"line":32,"column":4}},"13":{"start":{"line":34,"column":2},"end":{"line":36,"column":3}},"14":{"start":{"line":35,"column":4},"end":{"line":35,"column":55}},"15":{"start":{"line":37,"column":2},"end":{"line":39,"column":3}},"16":{"start":{"line":38,"column":4},"end":{"line":38,"column":55}},"17":{"start":{"line":41,"column":2},"end":{"line":41,"column":9}}},"fnMap":{"0":{"name":"(anonymous_0)","decl":{"start":{"line":7,"column":17},"end":{"line":7,"column":18}},"loc":{"start":{"line":7,"column":41},"end":{"line":42,"column":1}},"line":7}},"branchMap":{"0":{"loc":{"start":{"line":12,"column":2},"end":{"line":14,"column":3}},"type":"if","locations":[{"start":{"line":12,"column":2},"end":{"line":14,"column":3}},{"start":{"line":12,"column":2},"end":{"line":14,"column":3}}],"line":12},"1":{"loc":{"start":{"line":18,"column":2},"end":{"line":21,"column":3}},"type":"if","locations":[{"start":{"line":18,"column":2},"end":{"line":21,"column":3}},{"start":{"line":18,"column":2},"end":{"line":21,"column":3}}],"line":18},"2":{"loc":{"start":{"line":34,"column":2},"end":{"line":36,"column":3}},"type":"if","locations":[{"start":{"line":34,"column":2},"end":{"line":36,"column":3}},{"start":{"line":34,"column":2},"end":{"line":36,"column":3}}],"line":34},"3":{"loc":{"start":{"line":37,"column":2},"end":{"line":39,"column":3}},"type":"if","locations":[{"start":{"line":37,"column":2},"end":{"line":39,"column":3}},{"start":{"line":37,"column":2},"end":{"line":39,"column":3}}],"line":37}},"s":{"0":1,"1":1,"2":1,"3":1,"4":1,"5":1,"6":0,"7":1,"8":1,"9":0,"10":1,"11":1,"12":1,"13":1,"14":0,"15":1,"16":0,"17":1},"f":{"0":1},"b":{"0":[0,1],"1":[0,1],"2":[0,1],"3":[0,1]},"_coverageSchema":"332fd63041d2c1bcb487cc26dd0d5f7d97098a6c","hash":"ba63d0d99e76dab7575c693e3920d005930b7232"}
,"C:\\Users\\ix\\401n9\\midterm\\SHIOT\\lib\\bearer-auth-middlewear.js": {"path":"C:\\Users\\ix\\401n9\\midterm\\SHIOT\\lib\\bearer-auth-middlewear.js","statementMap":{"0":{"start":{"line":2,"column":0},"end":{"line":2,"column":27}},"1":{"start":{"line":3,"column":12},"end":{"line":3,"column":35}},"2":{"start":{"line":4,"column":20},"end":{"line":4,"column":42}},"3":{"start":{"line":5,"column":13},"end":{"line":5,"column":40}},"4":{"start":{"line":8,"column":0},"end":{"line":35,"column":2}},"5":{"start":{"line":10,"column":19},"end":{"line":10,"column":43}},"6":{"start":{"line":12,"column":2},"end":{"line":15,"column":3}},"7":{"start":{"line":13,"column":4},"end":{"line":13,"column":67}},"8":{"start":{"line":17,"column":14},"end":{"line":17,"column":44}},"9":{"start":{"line":18,"column":2},"end":{"line":20,"column":3}},"10":{"start":{"line":19,"column":4},"end":{"line":19,"column":52}},"11":{"start":{"line":22,"column":2},"end":{"line":34,"column":5}},"12":{"start":{"line":23,"column":4},"end":{"line":23,"column":29}},"13":{"start":{"line":23,"column":12},"end":{"line":23,"column":29}},"14":{"start":{"line":24,"column":4},"end":{"line":24,"column":42}},"15":{"start":{"line":25,"column":4},"end":{"line":33,"column":5}},"16":{"start":{"line":27,"column":6},"end":{"line":27,"column":22}},"17":{"start":{"line":28,"column":6},"end":{"line":28,"column":40}},"18":{"start":{"line":29,"column":6},"end":{"line":29,"column":13}},"19":{"start":{"line":32,"column":4},"end":{"line":32,"column":47}}},"fnMap":{"0":{"name":"(anonymous_0)","decl":{"start":{"line":8,"column":17},"end":{"line":8,"column":18}},"loc":{"start":{"line":8,"column":41},"end":{"line":35,"column":1}},"line":8},"1":{"name":"(anonymous_1)","decl":{"start":{"line":22,"column":40},"end":{"line":22,"column":41}},"loc":{"start":{"line":22,"column":58},"end":{"line":34,"column":3}},"line":22},"2":{"name":"(anonymous_2)","decl":{"start":{"line":26,"column":10},"end":{"line":26,"column":11}},"loc":{"start":{"line":26,"column":17},"end":{"line":30,"column":5}},"line":26},"3":{"name":"(anonymous_3)","decl":{"start":{"line":31,"column":10},"end":{"line":31,"column":11}},"loc":{"start":{"line":31,"column":16},"end":{"line":33,"column":3}},"line":31}},"branchMap":{"0":{"loc":{"start":{"line":12,"column":2},"end":{"line":15,"column":3}},"type":"if","locations":[{"start":{"line":12,"column":2},"end":{"line":15,"column":3}},{"start":{"line":12,"column":2},"end":{"line":15,"column":3}}],"line":12},"1":{"loc":{"start":{"line":18,"column":2},"end":{"line":20,"column":3}},"type":"if","locations":[{"start":{"line":18,"column":2},"end":{"line":20,"column":3}},{"start":{"line":18,"column":2},"end":{"line":20,"column":3}}],"line":18},"2":{"loc":{"start":{"line":23,"column":4},"end":{"line":23,"column":29}},"type":"if","locations":[{"start":{"line":23,"column":4},"end":{"line":23,"column":29}},{"start":{"line":23,"column":4},"end":{"line":23,"column":29}}],"line":23}},"s":{"0":1,"1":1,"2":1,"3":1,"4":1,"5":4,"6":4,"7":2,"8":2,"9":2,"10":2,"11":0,"12":0,"13":0,"14":0,"15":0,"16":0,"17":0,"18":0,"19":0},"f":{"0":4,"1":0,"2":0,"3":0},"b":{"0":[2,2],"1":[2,0],"2":[0,0]},"_coverageSchema":"332fd63041d2c1bcb487cc26dd0d5f7d97098a6c","hash":"fa95a61547fda72837003fb2b6d7da58f92792bd"}
,"C:\\Users\\ix\\401n9\\midterm\\SHIOT\\lib\\server.js": {"path":"C:\\Users\\ix\\401n9\\midterm\\SHIOT\\lib\\server.js","statementMap":{"0":{"start":{"line":3,"column":16},"end":{"line":3,"column":34}},"1":{"start":{"line":4,"column":12},"end":{"line":4,"column":21}},"2":{"start":{"line":5,"column":15},"end":{"line":5,"column":32}},"3":{"start":{"line":6,"column":0},"end":{"line":6,"column":14}},"4":{"start":{"line":7,"column":13},"end":{"line":7,"column":37}},"5":{"start":{"line":8,"column":19},"end":{"line":8,"column":49}},"6":{"start":{"line":9,"column":23},"end":{"line":9,"column":62}},"7":{"start":{"line":10,"column":19},"end":{"line":10,"column":41}},"8":{"start":{"line":11,"column":17},"end":{"line":11,"column":36}},"9":{"start":{"line":12,"column":13},"end":{"line":12,"column":28}},"10":{"start":{"line":17,"column":0},"end":{"line":17,"column":16}},"11":{"start":{"line":18,"column":0},"end":{"line":18,"column":48}},"12":{"start":{"line":19,"column":0},"end":{"line":19,"column":27}},"13":{"start":{"line":21,"column":0},"end":{"line":21,"column":24}},"14":{"start":{"line":23,"column":0},"end":{"line":23,"column":25}},"15":{"start":{"line":24,"column":0},"end":{"line":24,"column":29}},"16":{"start":{"line":27,"column":0},"end":{"line":32,"column":3}},"17":{"start":{"line":29,"column":2},"end":{"line":29,"column":58}},"18":{"start":{"line":30,"column":2},"end":{"line":30,"column":50}},"19":{"start":{"line":31,"column":2},"end":{"line":31,"column":17}},"20":{"start":{"line":36,"column":15},"end":{"line":36,"column":34}},"21":{"start":{"line":37,"column":0},"end":{"line":47,"column":2}},"22":{"start":{"line":38,"column":2},"end":{"line":46,"column":5}},"23":{"start":{"line":39,"column":4},"end":{"line":39,"column":86}},"24":{"start":{"line":39,"column":20},"end":{"line":39,"column":86}},"25":{"start":{"line":40,"column":4},"end":{"line":45,"column":7}},"26":{"start":{"line":41,"column":6},"end":{"line":41,"column":42}},"27":{"start":{"line":42,"column":6},"end":{"line":42,"column":25}},"28":{"start":{"line":43,"column":6},"end":{"line":43,"column":48}},"29":{"start":{"line":44,"column":6},"end":{"line":44,"column":29}},"30":{"start":{"line":48,"column":0},"end":{"line":57,"column":2}},"31":{"start":{"line":49,"column":2},"end":{"line":56,"column":5}},"32":{"start":{"line":50,"column":4},"end":{"line":50,"column":87}},"33":{"start":{"line":50,"column":21},"end":{"line":50,"column":87}},"34":{"start":{"line":51,"column":4},"end":{"line":55,"column":7}},"35":{"start":{"line":52,"column":6},"end":{"line":52,"column":26}},"36":{"start":{"line":53,"column":6},"end":{"line":53,"column":28}},"37":{"start":{"line":54,"column":6},"end":{"line":54,"column":23}}},"fnMap":{"0":{"name":"(anonymous_0)","decl":{"start":{"line":27,"column":8},"end":{"line":27,"column":9}},"loc":{"start":{"line":27,"column":31},"end":{"line":32,"column":1}},"line":27},"1":{"name":"(anonymous_1)","decl":{"start":{"line":37,"column":15},"end":{"line":37,"column":16}},"loc":{"start":{"line":37,"column":21},"end":{"line":47,"column":1}},"line":37},"2":{"name":"(anonymous_2)","decl":{"start":{"line":38,"column":21},"end":{"line":38,"column":22}},"loc":{"start":{"line":38,"column":42},"end":{"line":46,"column":3}},"line":38},"3":{"name":"(anonymous_3)","decl":{"start":{"line":40,"column":35},"end":{"line":40,"column":36}},"loc":{"start":{"line":40,"column":41},"end":{"line":45,"column":5}},"line":40},"4":{"name":"(anonymous_4)","decl":{"start":{"line":48,"column":14},"end":{"line":48,"column":15}},"loc":{"start":{"line":48,"column":20},"end":{"line":57,"column":1}},"line":48},"5":{"name":"(anonymous_5)","decl":{"start":{"line":49,"column":21},"end":{"line":49,"column":22}},"loc":{"start":{"line":49,"column":42},"end":{"line":56,"column":3}},"line":49},"6":{"name":"(anonymous_6)","decl":{"start":{"line":51,"column":22},"end":{"line":51,"column":23}},"loc":{"start":{"line":51,"column":28},"end":{"line":55,"column":5}},"line":51}},"branchMap":{"0":{"loc":{"start":{"line":7,"column":13},"end":{"line":7,"column":37}},"type":"binary-expr","locations":[{"start":{"line":7,"column":13},"end":{"line":7,"column":29}},{"start":{"line":7,"column":33},"end":{"line":7,"column":37}}],"line":7},"1":{"loc":{"start":{"line":39,"column":4},"end":{"line":39,"column":86}},"type":"if","locations":[{"start":{"line":39,"column":4},"end":{"line":39,"column":86}},{"start":{"line":39,"column":4},"end":{"line":39,"column":86}}],"line":39},"2":{"loc":{"start":{"line":50,"column":4},"end":{"line":50,"column":87}},"type":"if","locations":[{"start":{"line":50,"column":4},"end":{"line":50,"column":87}},{"start":{"line":50,"column":4},"end":{"line":50,"column":87}}],"line":50}},"s":{"0":1,"1":1,"2":1,"3":1,"4":1,"5":1,"6":1,"7":1,"8":1,"9":1,"10":1,"11":1,"12":1,"13":1,"14":1,"15":1,"16":1,"17":0,"18":0,"19":0,"20":1,"21":1,"22":1,"23":1,"24":0,"25":1,"26":1,"27":1,"28":1,"29":1,"30":1,"31":1,"32":1,"33":0,"34":1,"35":1,"36":1,"37":1},"f":{"0":0,"1":1,"2":1,"3":1,"4":1,"5":1,"6":1},"b":{"0":[1,0],"1":[0,1],"2":[0,1]},"_coverageSchema":"332fd63041d2c1bcb487cc26dd0d5f7d97098a6c","hash":"70ca7d7637a858af2773042ca7c221b0928be8d4"}
,"C:\\Users\\ix\\401n9\\midterm\\SHIOT\\lib\\storage.js": {"path":"C:\\Users\\ix\\401n9\\midterm\\SHIOT\\lib\\storage.js","statementMap":{"0":{"start":{"line":3,"column":13},"end":{"line":3,"column":40}},"1":{"start":{"line":4,"column":17},"end":{"line":4,"column":36}},"2":{"start":{"line":5,"column":0},"end":{"line":5,"column":51}},"3":{"start":{"line":8,"column":12},"end":{"line":14,"column":1}},"4":{"start":{"line":9,"column":2},"end":{"line":13,"column":5}},"5":{"start":{"line":10,"column":4},"end":{"line":12,"column":7}},"6":{"start":{"line":11,"column":6},"end":{"line":11,"column":20}},"7":{"start":{"line":16,"column":15},"end":{"line":22,"column":1}},"8":{"start":{"line":17,"column":2},"end":{"line":21,"column":5}},"9":{"start":{"line":18,"column":4},"end":{"line":20,"column":7}},"10":{"start":{"line":19,"column":6},"end":{"line":19,"column":21}},"11":{"start":{"line":25,"column":13},"end":{"line":41,"column":1}},"12":{"start":{"line":26,"column":18},"end":{"line":29,"column":4}},"13":{"start":{"line":31,"column":2},"end":{"line":40,"column":5}},"14":{"start":{"line":32,"column":4},"end":{"line":39,"column":7}},"15":{"start":{"line":33,"column":6},"end":{"line":36,"column":7}},"16":{"start":{"line":34,"column":8},"end":{"line":34,"column":20}},"17":{"start":{"line":35,"column":8},"end":{"line":35,"column":38}},"18":{"start":{"line":37,"column":6},"end":{"line":37,"column":25}},"19":{"start":{"line":38,"column":6},"end":{"line":38,"column":32}},"20":{"start":{"line":43,"column":0},"end":{"line":43,"column":37}}},"fnMap":{"0":{"name":"(anonymous_0)","decl":{"start":{"line":8,"column":12},"end":{"line":8,"column":13}},"loc":{"start":{"line":8,"column":20},"end":{"line":14,"column":1}},"line":8},"1":{"name":"(anonymous_1)","decl":{"start":{"line":9,"column":21},"end":{"line":9,"column":22}},"loc":{"start":{"line":9,"column":42},"end":{"line":13,"column":3}},"line":9},"2":{"name":"(anonymous_2)","decl":{"start":{"line":10,"column":28},"end":{"line":10,"column":29}},"loc":{"start":{"line":10,"column":45},"end":{"line":12,"column":5}},"line":10},"3":{"name":"(anonymous_3)","decl":{"start":{"line":16,"column":15},"end":{"line":16,"column":16}},"loc":{"start":{"line":16,"column":21},"end":{"line":22,"column":1}},"line":16},"4":{"name":"(anonymous_4)","decl":{"start":{"line":17,"column":21},"end":{"line":17,"column":22}},"loc":{"start":{"line":17,"column":42},"end":{"line":21,"column":3}},"line":17},"5":{"name":"(anonymous_5)","decl":{"start":{"line":18,"column":14},"end":{"line":18,"column":15}},"loc":{"start":{"line":18,"column":32},"end":{"line":20,"column":5}},"line":18},"6":{"name":"(anonymous_6)","decl":{"start":{"line":25,"column":13},"end":{"line":25,"column":14}},"loc":{"start":{"line":25,"column":23},"end":{"line":41,"column":1}},"line":25},"7":{"name":"(anonymous_7)","decl":{"start":{"line":31,"column":21},"end":{"line":31,"column":22}},"loc":{"start":{"line":31,"column":42},"end":{"line":40,"column":3}},"line":31},"8":{"name":"(anonymous_8)","decl":{"start":{"line":32,"column":19},"end":{"line":32,"column":20}},"loc":{"start":{"line":32,"column":41},"end":{"line":39,"column":5}},"line":32}},"branchMap":{"0":{"loc":{"start":{"line":33,"column":6},"end":{"line":36,"column":7}},"type":"if","locations":[{"start":{"line":33,"column":6},"end":{"line":36,"column":7}},{"start":{"line":33,"column":6},"end":{"line":36,"column":7}}],"line":33}},"s":{"0":1,"1":1,"2":1,"3":1,"4":0,"5":0,"6":0,"7":1,"8":0,"9":0,"10":0,"11":1,"12":0,"13":0,"14":0,"15":0,"16":0,"17":0,"18":0,"19":0,"20":1},"f":{"0":0,"1":0,"2":0,"3":0,"4":0,"5":0,"6":0,"7":0,"8":0},"b":{"0":[0,0]},"_coverageSchema":"332fd63041d2c1bcb487cc26dd0d5f7d97098a6c","hash":"ef1bc44a412da408ff8dba476979a41af47c94a7"}
,"C:\\Users\\ix\\401n9\\midterm\\SHIOT\\model\\resources.js": {"path":"C:\\Users\\ix\\401n9\\midterm\\SHIOT\\model\\resources.js","statementMap":{"0":{"start":{"line":5,"column":17},"end":{"line":5,"column":36}},"1":{"start":{"line":6,"column":15},"end":{"line":6,"column":30}},"2":{"start":{"line":9,"column":24},"end":{"line":12,"column":2}},"3":{"start":{"line":14,"column":0},"end":{"line":14,"column":62}}},"fnMap":{},"branchMap":{},"s":{"0":1,"1":1,"2":1,"3":1},"f":{},"b":{},"_coverageSchema":"332fd63041d2c1bcb487cc26dd0d5f7d97098a6c","hash":"5f79f757289d89a78412e9e66e55d223d23693d0"}
,"C:\\Users\\ix\\401n9\\midterm\\SHIOT\\model\\user.js": {"path":"C:\\Users\\ix\\401n9\\midterm\\SHIOT\\model\\user.js","statementMap":{"0":{"start":{"line":2,"column":15},"end":{"line":2,"column":32}},"1":{"start":{"line":3,"column":15},"end":{"line":3,"column":32}},"2":{"start":{"line":4,"column":12},"end":{"line":4,"column":35}},"3":{"start":{"line":5,"column":17},"end":{"line":5,"column":36}},"4":{"start":{"line":6,"column":20},"end":{"line":6,"column":42}},"5":{"start":{"line":7,"column":15},"end":{"line":7,"column":41}},"6":{"start":{"line":8,"column":0},"end":{"line":10,"column":1}},"7":{"start":{"line":9,"column":2},"end":{"line":9,"column":21}},"8":{"start":{"line":11,"column":0},"end":{"line":11,"column":39}},"9":{"start":{"line":15,"column":17},"end":{"line":20,"column":2}},"10":{"start":{"line":24,"column":0},"end":{"line":34,"column":2}},"11":{"start":{"line":26,"column":2},"end":{"line":33,"column":5}},"12":{"start":{"line":27,"column":4},"end":{"line":32,"column":7}},"13":{"start":{"line":28,"column":6},"end":{"line":28,"column":34}},"14":{"start":{"line":28,"column":15},"end":{"line":28,"column":34}},"15":{"start":{"line":29,"column":6},"end":{"line":29,"column":27}},"16":{"start":{"line":30,"column":6},"end":{"line":30,"column":60}},"17":{"start":{"line":31,"column":6},"end":{"line":31,"column":20}},"18":{"start":{"line":37,"column":0},"end":{"line":48,"column":2}},"19":{"start":{"line":38,"column":2},"end":{"line":47,"column":5}},"20":{"start":{"line":41,"column":4},"end":{"line":41,"column":61}},"21":{"start":{"line":42,"column":4},"end":{"line":46,"column":7}},"22":{"start":{"line":43,"column":6},"end":{"line":43,"column":34}},"23":{"start":{"line":43,"column":15},"end":{"line":43,"column":34}},"24":{"start":{"line":44,"column":6},"end":{"line":44,"column":69}},"25":{"start":{"line":44,"column":17},"end":{"line":44,"column":69}},"26":{"start":{"line":45,"column":6},"end":{"line":45,"column":20}},"27":{"start":{"line":51,"column":0},"end":{"line":66,"column":2}},"28":{"start":{"line":52,"column":2},"end":{"line":65,"column":5}},"29":{"start":{"line":56,"column":4},"end":{"line":56,"column":33}},"30":{"start":{"line":59,"column":6},"end":{"line":59,"column":62}},"31":{"start":{"line":60,"column":6},"end":{"line":60,"column":48}},"32":{"start":{"line":61,"column":6},"end":{"line":61,"column":18}},"33":{"start":{"line":62,"column":6},"end":{"line":62,"column":34}},"34":{"start":{"line":63,"column":6},"end":{"line":63,"column":37}},"35":{"start":{"line":67,"column":0},"end":{"line":67,"column":50}},"36":{"start":{"line":69,"column":0},"end":{"line":83,"column":2}},"37":{"start":{"line":70,"column":2},"end":{"line":81,"column":5}},"38":{"start":{"line":71,"column":4},"end":{"line":71,"column":31}},"39":{"start":{"line":72,"column":4},"end":{"line":80,"column":32}},"40":{"start":{"line":75,"column":6},"end":{"line":75,"column":34}},"41":{"start":{"line":76,"column":6},"end":{"line":76,"column":39}},"42":{"start":{"line":77,"column":6},"end":{"line":77,"column":52}},"43":{"start":{"line":78,"column":6},"end":{"line":78,"column":71}},"44":{"start":{"line":80,"column":19},"end":{"line":80,"column":30}},"45":{"start":{"line":82,"column":2},"end":{"line":82,"column":32}},"46":{"start":{"line":85,"column":11},"end":{"line":85,"column":45}},"47":{"start":{"line":87,"column":0},"end":{"line":87,"column":22}}},"fnMap":{"0":{"name":"(anonymous_0)","decl":{"start":{"line":24,"column":42},"end":{"line":24,"column":43}},"loc":{"start":{"line":24,"column":60},"end":{"line":34,"column":1}},"line":24},"1":{"name":"(anonymous_1)","decl":{"start":{"line":26,"column":21},"end":{"line":26,"column":22}},"loc":{"start":{"line":26,"column":41},"end":{"line":33,"column":3}},"line":26},"2":{"name":"(anonymous_2)","decl":{"start":{"line":27,"column":30},"end":{"line":27,"column":31}},"loc":{"start":{"line":27,"column":45},"end":{"line":32,"column":5}},"line":27},"3":{"name":"(anonymous_3)","decl":{"start":{"line":37,"column":41},"end":{"line":37,"column":42}},"loc":{"start":{"line":37,"column":59},"end":{"line":48,"column":1}},"line":37},"4":{"name":"(anonymous_4)","decl":{"start":{"line":38,"column":21},"end":{"line":38,"column":22}},"loc":{"start":{"line":38,"column":42},"end":{"line":47,"column":3}},"line":38},"5":{"name":"(anonymous_5)","decl":{"start":{"line":42,"column":43},"end":{"line":42,"column":44}},"loc":{"start":{"line":42,"column":59},"end":{"line":46,"column":5}},"line":42},"6":{"name":"(anonymous_6)","decl":{"start":{"line":51,"column":39},"end":{"line":51,"column":40}},"loc":{"start":{"line":51,"column":50},"end":{"line":66,"column":1}},"line":51},"7":{"name":"(anonymous_7)","decl":{"start":{"line":52,"column":21},"end":{"line":52,"column":22}},"loc":{"start":{"line":52,"column":40},"end":{"line":65,"column":3}},"line":52},"8":{"name":"generateFindToken","decl":{"start":{"line":57,"column":13},"end":{"line":57,"column":30}},"loc":{"start":{"line":57,"column":32},"end":{"line":64,"column":5}},"line":57},"9":{"name":"(anonymous_9)","decl":{"start":{"line":69,"column":35},"end":{"line":69,"column":36}},"loc":{"start":{"line":69,"column":45},"end":{"line":83,"column":1}},"line":69},"10":{"name":"(anonymous_10)","decl":{"start":{"line":70,"column":21},"end":{"line":70,"column":22}},"loc":{"start":{"line":70,"column":40},"end":{"line":81,"column":3}},"line":70},"11":{"name":"(anonymous_11)","decl":{"start":{"line":74,"column":11},"end":{"line":74,"column":12}},"loc":{"start":{"line":74,"column":23},"end":{"line":79,"column":5}},"line":74},"12":{"name":"(anonymous_12)","decl":{"start":{"line":80,"column":12},"end":{"line":80,"column":13}},"loc":{"start":{"line":80,"column":19},"end":{"line":80,"column":30}},"line":80}},"branchMap":{"0":{"loc":{"start":{"line":8,"column":0},"end":{"line":10,"column":1}},"type":"if","locations":[{"start":{"line":8,"column":0},"end":{"line":10,"column":1}},{"start":{"line":8,"column":0},"end":{"line":10,"column":1}}],"line":8},"1":{"loc":{"start":{"line":28,"column":6},"end":{"line":28,"column":34}},"type":"if","locations":[{"start":{"line":28,"column":6},"end":{"line":28,"column":34}},{"start":{"line":28,"column":6},"end":{"line":28,"column":34}}],"line":28},"2":{"loc":{"start":{"line":43,"column":6},"end":{"line":43,"column":34}},"type":"if","locations":[{"start":{"line":43,"column":6},"end":{"line":43,"column":34}},{"start":{"line":43,"column":6},"end":{"line":43,"column":34}}],"line":43},"3":{"loc":{"start":{"line":44,"column":6},"end":{"line":44,"column":69}},"type":"if","locations":[{"start":{"line":44,"column":6},"end":{"line":44,"column":69}},{"start":{"line":44,"column":6},"end":{"line":44,"column":69}}],"line":44}},"s":{"0":1,"1":1,"2":1,"3":1,"4":1,"5":1,"6":1,"7":0,"8":1,"9":1,"10":1,"11":1,"12":1,"13":1,"14":0,"15":1,"16":1,"17":1,"18":1,"19":0,"20":0,"21":0,"22":0,"23":0,"24":0,"25":0,"26":0,"27":1,"28":0,"29":0,"30":0,"31":0,"32":0,"33":0,"34":0,"35":1,"36":1,"37":0,"38":0,"39":0,"40":0,"41":0,"42":0,"43":0,"44":0,"45":0,"46":1,"47":1},"f":{"0":1,"1":1,"2":1,"3":0,"4":0,"5":0,"6":0,"7":0,"8":0,"9":0,"10":0,"11":0,"12":0},"b":{"0":[0,1],"1":[0,1],"2":[0,0],"3":[0,0]},"_coverageSchema":"332fd63041d2c1bcb487cc26dd0d5f7d97098a6c","hash":"e71e520ff206994f2b56dbff86d4d9394cc49614"}
,"C:\\Users\\ix\\401n9\\midterm\\SHIOT\\router\\resource-router.js": {"path":"C:\\Users\\ix\\401n9\\midterm\\SHIOT\\router\\resource-router.js","statementMap":{"0":{"start":{"line":2,"column":16},"end":{"line":2,"column":34}},"1":{"start":{"line":3,"column":15},"end":{"line":3,"column":29}},"2":{"start":{"line":4,"column":20},"end":{"line":4,"column":42}},"3":{"start":{"line":6,"column":17},"end":{"line":6,"column":49}},"4":{"start":{"line":7,"column":19},"end":{"line":7,"column":62}},"5":{"start":{"line":8,"column":23},"end":{"line":8,"column":31}},"6":{"start":{"line":10,"column":0},"end":{"line":24,"column":3}},"7":{"start":{"line":12,"column":2},"end":{"line":12,"column":55}},"8":{"start":{"line":15,"column":2},"end":{"line":15,"column":33}},"9":{"start":{"line":16,"column":2},"end":{"line":16,"column":55}},"10":{"start":{"line":17,"column":2},"end":{"line":22,"column":34}},"11":{"start":{"line":19,"column":4},"end":{"line":19,"column":23}},"12":{"start":{"line":20,"column":4},"end":{"line":20,"column":37}},"13":{"start":{"line":22,"column":16},"end":{"line":22,"column":32}},"14":{"start":{"line":27,"column":0},"end":{"line":32,"column":3}},"15":{"start":{"line":28,"column":2},"end":{"line":30,"column":34}},"16":{"start":{"line":29,"column":20},"end":{"line":29,"column":38}},"17":{"start":{"line":30,"column":16},"end":{"line":30,"column":32}},"18":{"start":{"line":36,"column":0},"end":{"line":36,"column":32}}},"fnMap":{"0":{"name":"(anonymous_0)","decl":{"start":{"line":10,"column":49},"end":{"line":10,"column":50}},"loc":{"start":{"line":10,"column":62},"end":{"line":24,"column":1}},"line":10},"1":{"name":"(anonymous_1)","decl":{"start":{"line":18,"column":8},"end":{"line":18,"column":9}},"loc":{"start":{"line":18,"column":22},"end":{"line":21,"column":3}},"line":18},"2":{"name":"(anonymous_2)","decl":{"start":{"line":22,"column":9},"end":{"line":22,"column":10}},"loc":{"start":{"line":22,"column":16},"end":{"line":22,"column":32}},"line":22},"3":{"name":"(anonymous_3)","decl":{"start":{"line":27,"column":48},"end":{"line":27,"column":49}},"loc":{"start":{"line":27,"column":61},"end":{"line":32,"column":1}},"line":27},"4":{"name":"(anonymous_4)","decl":{"start":{"line":29,"column":8},"end":{"line":29,"column":9}},"loc":{"start":{"line":29,"column":20},"end":{"line":29,"column":38}},"line":29},"5":{"name":"(anonymous_5)","decl":{"start":{"line":30,"column":9},"end":{"line":30,"column":10}},"loc":{"start":{"line":30,"column":16},"end":{"line":30,"column":32}},"line":30}},"branchMap":{},"s":{"0":1,"1":1,"2":1,"3":1,"4":1,"5":1,"6":1,"7":0,"8":0,"9":0,"10":0,"11":0,"12":0,"13":0,"14":1,"15":0,"16":0,"17":0,"18":1},"f":{"0":0,"1":0,"2":0,"3":0,"4":0,"5":0},"b":{},"_coverageSchema":"332fd63041d2c1bcb487cc26dd0d5f7d97098a6c","hash":"fa246e82c8f9ddadc62fc401f17a4ba51d78f881"}
,"C:\\Users\\ix\\401n9\\midterm\\SHIOT\\router\\router.js": {"path":"C:\\Users\\ix\\401n9\\midterm\\SHIOT\\router\\router.js","statementMap":{"0":{"start":{"line":3,"column":16},"end":{"line":3,"column":34}},"1":{"start":{"line":4,"column":17},"end":{"line":4,"column":36}},"2":{"start":{"line":5,"column":0},"end":{"line":5,"column":27}},"3":{"start":{"line":6,"column":0},"end":{"line":6,"column":42}},"4":{"start":{"line":7,"column":19},"end":{"line":7,"column":35}},"5":{"start":{"line":8,"column":13},"end":{"line":8,"column":40}},"6":{"start":{"line":9,"column":16},"end":{"line":9,"column":44}},"7":{"start":{"line":10,"column":18},"end":{"line":10,"column":60}},"8":{"start":{"line":11,"column":19},"end":{"line":11,"column":48}},"9":{"start":{"line":16,"column":0},"end":{"line":28,"column":3}},"10":{"start":{"line":17,"column":17},"end":{"line":17,"column":34}},"11":{"start":{"line":18,"column":2},"end":{"line":18,"column":27}},"12":{"start":{"line":20,"column":13},"end":{"line":20,"column":31}},"13":{"start":{"line":21,"column":2},"end":{"line":21,"column":37}},"14":{"start":{"line":22,"column":2},"end":{"line":26,"column":15}},"15":{"start":{"line":23,"column":16},"end":{"line":23,"column":27}},"16":{"start":{"line":24,"column":16},"end":{"line":24,"column":36}},"17":{"start":{"line":25,"column":17},"end":{"line":25,"column":32}},"18":{"start":{"line":31,"column":0},"end":{"line":38,"column":3}},"19":{"start":{"line":32,"column":2},"end":{"line":36,"column":13}},"20":{"start":{"line":33,"column":15},"end":{"line":33,"column":59}},"21":{"start":{"line":34,"column":15},"end":{"line":34,"column":35}},"22":{"start":{"line":35,"column":16},"end":{"line":35,"column":31}},"23":{"start":{"line":40,"column":0},"end":{"line":40,"column":28}}},"fnMap":{"0":{"name":"(anonymous_0)","decl":{"start":{"line":16,"column":43},"end":{"line":16,"column":44}},"loc":{"start":{"line":16,"column":63},"end":{"line":28,"column":1}},"line":16},"1":{"name":"(anonymous_1)","decl":{"start":{"line":23,"column":8},"end":{"line":23,"column":9}},"loc":{"start":{"line":23,"column":16},"end":{"line":23,"column":27}},"line":23},"2":{"name":"(anonymous_2)","decl":{"start":{"line":24,"column":8},"end":{"line":24,"column":9}},"loc":{"start":{"line":24,"column":16},"end":{"line":24,"column":36}},"line":24},"3":{"name":"(anonymous_3)","decl":{"start":{"line":25,"column":8},"end":{"line":25,"column":9}},"loc":{"start":{"line":25,"column":17},"end":{"line":25,"column":32}},"line":25},"4":{"name":"(anonymous_4)","decl":{"start":{"line":31,"column":41},"end":{"line":31,"column":42}},"loc":{"start":{"line":31,"column":60},"end":{"line":38,"column":1}},"line":31},"5":{"name":"(anonymous_5)","decl":{"start":{"line":33,"column":7},"end":{"line":33,"column":8}},"loc":{"start":{"line":33,"column":15},"end":{"line":33,"column":59}},"line":33},"6":{"name":"(anonymous_6)","decl":{"start":{"line":34,"column":7},"end":{"line":34,"column":8}},"loc":{"start":{"line":34,"column":15},"end":{"line":34,"column":35}},"line":34},"7":{"name":"(anonymous_7)","decl":{"start":{"line":35,"column":7},"end":{"line":35,"column":8}},"loc":{"start":{"line":35,"column":16},"end":{"line":35,"column":31}},"line":35}},"branchMap":{},"s":{"0":1,"1":1,"2":1,"3":1,"4":1,"5":1,"6":1,"7":1,"8":1,"9":1,"10":1,"11":1,"12":1,"13":1,"14":1,"15":1,"16":0,"17":0,"18":1,"19":1,"20":1,"21":0,"22":0,"23":1},"f":{"0":1,"1":1,"2":0,"3":0,"4":1,"5":1,"6":0,"7":0},"b":{},"_coverageSchema":"332fd63041d2c1bcb487cc26dd0d5f7d97098a6c","hash":"4ac292d29702e226594c69465cc66e088e342a2b"}
}
