{"/home/aaron/401n6/lab-assignments/MIDWEEK-PROJECT/SHIOT/model/user.js": {"path":"/home/aaron/401n6/lab-assignments/MIDWEEK-PROJECT/SHIOT/model/user.js","statementMap":{"0":{"start":{"line":3,"column":17},"end":{"line":3,"column":36}},"1":{"start":{"line":5,"column":17},"end":{"line":9,"column":2}},"2":{"start":{"line":11,"column":11},"end":{"line":11,"column":45}},"3":{"start":{"line":13,"column":0},"end":{"line":13,"column":22}}},"fnMap":{},"branchMap":{},"s":{"0":1,"1":1,"2":1,"3":1},"f":{},"b":{},"_coverageSchema":"332fd63041d2c1bcb487cc26dd0d5f7d97098a6c","hash":"eb29ddd3f1ecd028aa7329e75a75a16b14de6d1b"}
}
