TN:
SF:/home/pi/SHIOT/lib/basic-auth-middleware.js
FN:5,(anonymous_0)
FNF:1
FNH:1
FNDA:1,(anonymous_0)
DA:3,1
DA:5,1
DA:9,1
DA:11,1
DA:12,0
DA:16,1
DA:17,1
DA:18,0
DA:23,1
DA:24,1
DA:28,1
DA:33,1
DA:34,0
DA:36,1
DA:37,0
DA:40,1
LF:16
LH:12
BRDA:11,0,0,0
BRDA:11,0,1,1
BRDA:17,1,0,0
BRDA:17,1,1,1
BRDA:33,2,0,0
BRDA:33,2,1,1
BRDA:36,3,0,0
BRDA:36,3,1,1
BRF:8
BRH:4
end_of_record
TN:
SF:/home/pi/SHIOT/lib/bearer-auth-middlewear.js
FN:10,(anonymous_0)
FN:23,(anonymous_1)
FN:27,(anonymous_2)
FN:32,(anonymous_3)
FNF:4
FNH:1
FNDA:1,(anonymous_0)
FNDA:0,(anonymous_1)
FNDA:0,(anonymous_2)
FNDA:0,(anonymous_3)
DA:3,1
DA:4,1
DA:5,1
DA:6,1
DA:7,1
DA:10,1
DA:12,1
DA:13,1
DA:14,1
DA:15,1
DA:18,0
DA:19,0
DA:20,0
DA:23,0
DA:24,0
DA:26,0
DA:28,0
DA:30,0
DA:33,0
LF:19
LH:10
BRDA:14,0,0,1
BRDA:14,0,1,0
BRDA:19,1,0,0
BRDA:19,1,1,0
BRDA:24,2,0,0
BRDA:24,2,1,0
BRF:6
BRH:1
end_of_record
TN:
SF:/home/pi/SHIOT/lib/gpio.js
FN:15,(anonymous_0)
FN:21,(anonymous_1)
FN:31,(anonymous_2)
FN:46,switchLed
FNF:4
FNH:1
FNDA:1,(anonymous_0)
FNDA:0,(anonymous_1)
FNDA:0,(anonymous_2)
FNDA:0,switchLed
DA:3,1
DA:4,1
DA:5,1
DA:6,1
DA:7,1
DA:8,1
DA:9,1
DA:10,1
DA:12,1
DA:13,1
DA:15,1
DA:16,1
DA:17,1
DA:18,1
DA:19,1
DA:21,1
DA:22,0
DA:27,1
DA:31,1
DA:32,0
DA:33,0
DA:35,0
DA:38,0
DA:43,1
DA:46,1
DA:47,0
DA:48,0
DA:49,0
DA:51,0
DA:52,0
DA:53,0
DA:55,0
DA:58,0
DA:59,0
DA:63,1
LF:35
LH:21
BRDA:32,0,0,0
BRDA:32,0,1,0
BRDA:35,1,0,0
BRDA:35,1,1,0
BRDA:51,2,0,0
BRDA:51,2,1,0
BRF:6
BRH:0
end_of_record
TN:
SF:/home/pi/SHIOT/lib/server.js
FN:47,(anonymous_0)
FN:54,(anonymous_1)
FN:56,(anonymous_2)
FN:61,(anonymous_3)
FN:62,(anonymous_4)
FN:64,(anonymous_5)
FN:72,(anonymous_6)
FN:73,(anonymous_7)
FN:75,(anonymous_8)
FNF:9
FNH:8
FNDA:3,(anonymous_0)
FNDA:4,(anonymous_1)
FNDA:4,(anonymous_2)
FNDA:1,(anonymous_3)
FNDA:1,(anonymous_4)
FNDA:1,(anonymous_5)
FNDA:1,(anonymous_6)
FNDA:1,(anonymous_7)
FNDA:0,(anonymous_8)
DA:2,1
DA:4,1
DA:5,1
DA:6,0
DA:7,0
DA:11,1
DA:12,1
DA:13,1
DA:14,1
DA:16,1
DA:17,1
DA:19,1
DA:20,1
DA:21,1
DA:22,1
DA:23,1
DA:24,1
DA:25,1
DA:26,1
DA:27,1
DA:28,1
DA:29,1
DA:32,1
DA:33,1
DA:34,1
DA:35,1
DA:36,1
DA:38,1
DA:40,1
DA:41,1
DA:45,1
DA:47,1
DA:48,3
DA:54,1
DA:56,4
DA:61,1
DA:62,1
DA:63,1
DA:64,1
DA:65,1
DA:66,1
DA:67,1
DA:68,1
DA:72,1
DA:73,1
DA:74,1
DA:75,1
DA:76,0
DA:77,0
DA:78,0
DA:83,1
LF:51
LH:46
BRDA:5,0,0,0
BRDA:5,0,1,1
BRDA:21,1,0,1
BRDA:21,1,1,0
BRDA:63,2,0,0
BRDA:63,2,1,1
BRDA:74,3,0,0
BRDA:74,3,1,1
BRF:8
BRH:4
end_of_record
TN:
SF:/home/pi/SHIOT/lib/storage.js
FN:10,(anonymous_0)
FN:11,(anonymous_1)
FN:12,(anonymous_2)
FN:18,(anonymous_3)
FN:19,(anonymous_4)
FN:20,(anonymous_5)
FN:27,(anonymous_6)
FN:33,(anonymous_7)
FN:34,(anonymous_8)
FNF:9
FNH:0
FNDA:0,(anonymous_0)
FNDA:0,(anonymous_1)
FNDA:0,(anonymous_2)
FNDA:0,(anonymous_3)
FNDA:0,(anonymous_4)
FNDA:0,(anonymous_5)
FNDA:0,(anonymous_6)
FNDA:0,(anonymous_7)
FNDA:0,(anonymous_8)
DA:3,1
DA:4,1
DA:5,1
DA:6,1
DA:7,1
DA:10,1
DA:11,0
DA:12,0
DA:13,0
DA:18,1
DA:19,0
DA:20,0
DA:21,0
DA:27,1
DA:28,0
DA:33,0
DA:34,0
DA:35,0
DA:36,0
DA:37,0
DA:39,0
DA:40,0
DA:45,1
LF:23
LH:9
BRDA:35,0,0,0
BRDA:35,0,1,0
BRF:2
BRH:0
end_of_record
TN:
SF:/home/pi/SHIOT/model/resources.js
FNF:0
FNH:0
DA:5,1
DA:6,1
DA:9,1
DA:14,1
LF:4
LH:4
BRF:0
BRH:0
end_of_record
TN:
SF:/home/pi/SHIOT/model/user.js
FN:24,(anonymous_0)
FN:26,(anonymous_1)
FN:27,(anonymous_2)
FN:37,(anonymous_3)
FN:38,(anonymous_4)
FN:42,(anonymous_5)
FN:51,(anonymous_6)
FN:52,(anonymous_7)
FN:57,generateFindToken
FN:69,(anonymous_9)
FN:70,(anonymous_10)
FN:74,(anonymous_11)
FN:80,(anonymous_12)
FNF:13
FNH:12
FNDA:2,(anonymous_0)
FNDA:2,(anonymous_1)
FNDA:2,(anonymous_2)
FNDA:1,(anonymous_3)
FNDA:1,(anonymous_4)
FNDA:1,(anonymous_5)
FNDA:3,(anonymous_6)
FNDA:3,(anonymous_7)
FNDA:3,generateFindToken
FNDA:3,(anonymous_9)
FNDA:3,(anonymous_10)
FNDA:3,(anonymous_11)
FNDA:0,(anonymous_12)
DA:2,2
DA:3,2
DA:4,2
DA:5,2
DA:6,2
DA:7,2
DA:8,2
DA:9,0
DA:15,2
DA:24,2
DA:26,2
DA:27,2
DA:28,2
DA:29,2
DA:31,2
DA:37,2
DA:38,1
DA:42,1
DA:43,1
DA:44,1
DA:45,1
DA:51,2
DA:52,3
DA:56,3
DA:59,3
DA:61,3
DA:63,3
DA:69,2
DA:70,3
DA:72,3
DA:78,3
DA:80,0
DA:85,2
DA:87,2
LF:34
LH:32
BRDA:8,0,0,0
BRDA:8,0,1,2
BRDA:28,1,0,0
BRDA:28,1,1,2
BRDA:43,2,0,0
BRDA:43,2,1,1
BRDA:44,3,0,0
BRDA:44,3,1,1
BRF:8
BRH:4
end_of_record
TN:
SF:/home/pi/SHIOT/router/resource-router.js
FN:28,(anonymous_0)
FN:34,(anonymous_1)
FN:42,(anonymous_2)
FN:50,(anonymous_3)
FN:52,(anonymous_4)
FN:59,(anonymous_5)
FN:72,(anonymous_6)
FN:77,(anonymous_7)
FN:78,(anonymous_8)
FN:79,(anonymous_9)
FNF:10
FNH:0
FNDA:0,(anonymous_0)
FNDA:0,(anonymous_1)
FNDA:0,(anonymous_2)
FNDA:0,(anonymous_3)
FNDA:0,(anonymous_4)
FNDA:0,(anonymous_5)
FNDA:0,(anonymous_6)
FNDA:0,(anonymous_7)
FNDA:0,(anonymous_8)
FNDA:0,(anonymous_9)
DA:4,1
DA:5,1
DA:6,1
DA:7,1
DA:8,1
DA:9,1
DA:10,1
DA:11,1
DA:12,1
DA:13,1
DA:14,1
DA:28,1
DA:29,0
DA:34,1
DA:35,0
DA:36,0
DA:37,0
DA:38,0
DA:42,1
DA:43,0
DA:44,0
DA:45,0
DA:46,0
DA:50,1
DA:51,0
DA:53,0
DA:54,0
DA:59,1
DA:60,0
DA:61,0
DA:72,1
DA:76,0
DA:77,0
DA:78,0
DA:79,0
DA:83,1
LF:36
LH:18
BRF:0
BRH:0
end_of_record
TN:
SF:/home/pi/SHIOT/router/router.js
FN:14,(anonymous_0)
FN:17,(anonymous_1)
FN:18,(anonymous_2)
FN:19,(anonymous_3)
FN:34,(anonymous_4)
FN:41,(anonymous_5)
FN:42,(anonymous_6)
FN:46,(anonymous_7)
FN:50,(anonymous_8)
FN:56,(anonymous_9)
FN:60,(anonymous_10)
FNF:11
FNH:9
FNDA:1,(anonymous_0)
FNDA:1,(anonymous_1)
FNDA:1,(anonymous_2)
FNDA:1,(anonymous_3)
FNDA:1,(anonymous_4)
FNDA:1,(anonymous_5)
FNDA:1,(anonymous_6)
FNDA:1,(anonymous_7)
FNDA:1,(anonymous_8)
FNDA:0,(anonymous_9)
FNDA:0,(anonymous_10)
DA:4,1
DA:5,1
DA:6,1
DA:7,1
DA:8,1
DA:9,1
DA:11,1
DA:14,1
DA:16,1
DA:17,1
DA:18,1
DA:19,1
DA:34,1
DA:35,1
DA:36,1
DA:38,1
DA:40,1
DA:41,1
DA:43,1
DA:44,1
DA:47,1
DA:48,1
DA:51,1
DA:56,1
DA:57,0
DA:60,1
DA:61,0
DA:64,1
LF:28
LH:26
BRF:0
BRH:0
end_of_record
